<?xml version="1.0" encoding="UTF-8"?>
<!-- Generated by org.testng.reporters.JUnitReportReporter -->
<testsuite hostname="DESKTOP-KKPJ5RQ" failures="0" tests="1" name="TestRunner.Run" time="174.861" errors="0" timestamp="2024-06-16T13:54:22 IST" skipped="0">
  <testcase classname="TestRunner.Run" name="runScenario" time="174.861"/>
</testsuite> <!-- TestRunner.Run -->
